INFO:     Started server process [31658]
INFO:     Waiting for application startup.
INFO:     Application startup complete.
INFO:     Uvicorn running on http://0.0.0.0:8001 (Press CTRL+C to quit)
2026-04-28 18:04:28,663 INFO sqlalchemy.engine.Engine SELECT DATABASE()
INFO:sqlalchemy.engine.Engine:SELECT DATABASE()
2026-04-28 18:04:28,663 INFO sqlalchemy.engine.Engine [raw sql] {}
INFO:sqlalchemy.engine.Engine:[raw sql] {}
2026-04-28 18:04:28,665 INFO sqlalchemy.engine.Engine SELECT @@sql_mode
INFO:sqlalchemy.engine.Engine:SELECT @@sql_mode
2026-04-28 18:04:28,665 INFO sqlalchemy.engine.Engine [raw sql] {}
INFO:sqlalchemy.engine.Engine:[raw sql] {}
2026-04-28 18:04:28,666 INFO sqlalchemy.engine.Engine SELECT @@lower_case_table_names
INFO:sqlalchemy.engine.Engine:SELECT @@lower_case_table_names
2026-04-28 18:04:28,666 INFO sqlalchemy.engine.Engine [raw sql] {}
INFO:sqlalchemy.engine.Engine:[raw sql] {}
2026-04-28 18:04:28,668 INFO sqlalchemy.engine.Engine BEGIN (implicit)
INFO:sqlalchemy.engine.Engine:BEGIN (implicit)
2026-04-28 18:04:28,668 INFO sqlalchemy.engine.Engine SELECT * FROM students ORDER BY name
INFO:sqlalchemy.engine.Engine:SELECT * FROM students ORDER BY name
2026-04-28 18:04:28,668 INFO sqlalchemy.engine.Engine [generated in 0.00051s] {}
INFO:sqlalchemy.engine.Engine:[generated in 0.00051s] {}
2026-04-28 18:04:28,691 INFO sqlalchemy.engine.Engine ROLLBACK
INFO:sqlalchemy.engine.Engine:ROLLBACK
INFO:     127.0.0.1:43076 - "GET /api/students HTTP/1.1" 200 OK
INFO:     127.0.0.1:43076 - "OPTIONS /api/login HTTP/1.1" 200 OK
2026-04-28 18:04:30,566 INFO sqlalchemy.engine.Engine BEGIN (implicit)
INFO:sqlalchemy.engine.Engine:BEGIN (implicit)
2026-04-28 18:04:30,567 INFO sqlalchemy.engine.Engine 
                SELECT user_id, username, password_hash, email, role, is_active, last_login
                FROM users WHERE username = %(username)s
                
INFO:sqlalchemy.engine.Engine:
                SELECT user_id, username, password_hash, email, role, is_active, last_login
                FROM users WHERE username = %(username)s
                
2026-04-28 18:04:30,567 INFO sqlalchemy.engine.Engine [generated in 0.00066s] {'username': '123'}
INFO:sqlalchemy.engine.Engine:[generated in 0.00066s] {'username': '123'}
2026-04-28 18:04:30,575 INFO sqlalchemy.engine.Engine UPDATE users SET last_login = CURRENT_TIMESTAMP WHERE user_id = %(user_id)s
INFO:sqlalchemy.engine.Engine:UPDATE users SET last_login = CURRENT_TIMESTAMP WHERE user_id = %(user_id)s
2026-04-28 18:04:30,576 INFO sqlalchemy.engine.Engine [generated in 0.00034s] {'user_id': 2}
INFO:sqlalchemy.engine.Engine:[generated in 0.00034s] {'user_id': 2}
2026-04-28 18:04:30,580 INFO sqlalchemy.engine.Engine COMMIT
INFO:sqlalchemy.engine.Engine:COMMIT
INFO:     127.0.0.1:43076 - "POST /api/login HTTP/1.1" 200 OK
2026-04-28 18:04:30,722 INFO sqlalchemy.engine.Engine BEGIN (implicit)
INFO:sqlalchemy.engine.Engine:BEGIN (implicit)
2026-04-28 18:04:30,723 INFO sqlalchemy.engine.Engine SELECT * FROM exams ORDER BY created_at DESC
INFO:sqlalchemy.engine.Engine:SELECT * FROM exams ORDER BY created_at DESC
2026-04-28 18:04:30,723 INFO sqlalchemy.engine.Engine [generated in 0.00114s] {}
INFO:sqlalchemy.engine.Engine:[generated in 0.00114s] {}
2026-04-28 18:04:30,744 INFO sqlalchemy.engine.Engine SELECT COUNT(*) as count FROM exam_students WHERE exam_id = %(exam_id)s
INFO:sqlalchemy.engine.Engine:SELECT COUNT(*) as count FROM exam_students WHERE exam_id = %(exam_id)s
2026-04-28 18:04:30,744 INFO sqlalchemy.engine.Engine [generated in 0.00049s] {'exam_id': 50}
INFO:sqlalchemy.engine.Engine:[generated in 0.00049s] {'exam_id': 50}
2026-04-28 18:04:30,753 INFO sqlalchemy.engine.Engine SELECT COUNT(*) as count FROM exam_students WHERE exam_id = %(exam_id)s
INFO:sqlalchemy.engine.Engine:SELECT COUNT(*) as count FROM exam_students WHERE exam_id = %(exam_id)s
2026-04-28 18:04:30,753 INFO sqlalchemy.engine.Engine [cached since 0.009126s ago] {'exam_id': 17}
INFO:sqlalchemy.engine.Engine:[cached since 0.009126s ago] {'exam_id': 17}
2026-04-28 18:04:30,754 INFO sqlalchemy.engine.Engine SELECT COUNT(*) as count FROM exam_students WHERE exam_id = %(exam_id)s
INFO:sqlalchemy.engine.Engine:SELECT COUNT(*) as count FROM exam_students WHERE exam_id = %(exam_id)s
2026-04-28 18:04:30,755 INFO sqlalchemy.engine.Engine [cached since 0.0107s ago] {'exam_id': 16}
INFO:sqlalchemy.engine.Engine:[cached since 0.0107s ago] {'exam_id': 16}
2026-04-28 18:04:30,756 INFO sqlalchemy.engine.Engine SELECT COUNT(*) as count FROM exam_students WHERE exam_id = %(exam_id)s
INFO:sqlalchemy.engine.Engine:SELECT COUNT(*) as count FROM exam_students WHERE exam_id = %(exam_id)s
2026-04-28 18:04:30,756 INFO sqlalchemy.engine.Engine [cached since 0.0124s ago] {'exam_id': 5}
INFO:sqlalchemy.engine.Engine:[cached since 0.0124s ago] {'exam_id': 5}
2026-04-28 18:04:30,758 INFO sqlalchemy.engine.Engine SELECT COUNT(*) as count FROM exam_students WHERE exam_id = %(exam_id)s
INFO:sqlalchemy.engine.Engine:SELECT COUNT(*) as count FROM exam_students WHERE exam_id = %(exam_id)s
2026-04-28 18:04:30,758 INFO sqlalchemy.engine.Engine [cached since 0.01415s ago] {'exam_id': 2}
INFO:sqlalchemy.engine.Engine:[cached since 0.01415s ago] {'exam_id': 2}
2026-04-28 18:04:30,759 INFO sqlalchemy.engine.Engine ROLLBACK
INFO:sqlalchemy.engine.Engine:ROLLBACK
INFO:     127.0.0.1:43076 - "GET /api/exams HTTP/1.1" 200 OK
2026-04-28 18:04:31,761 INFO sqlalchemy.engine.Engine BEGIN (implicit)
INFO:sqlalchemy.engine.Engine:BEGIN (implicit)
2026-04-28 18:04:31,762 INFO sqlalchemy.engine.Engine SELECT * FROM exams ORDER BY created_at DESC
INFO:sqlalchemy.engine.Engine:SELECT * FROM exams ORDER BY created_at DESC
2026-04-28 18:04:31,762 INFO sqlalchemy.engine.Engine [cached since 1.04s ago] {}
INFO:sqlalchemy.engine.Engine:[cached since 1.04s ago] {}
2026-04-28 18:04:31,765 INFO sqlalchemy.engine.Engine SELECT COUNT(*) as count FROM exam_students WHERE exam_id = %(exam_id)s
INFO:sqlalchemy.engine.Engine:SELECT COUNT(*) as count FROM exam_students WHERE exam_id = %(exam_id)s
2026-04-28 18:04:31,765 INFO sqlalchemy.engine.Engine [cached since 1.021s ago] {'exam_id': 50}
INFO:sqlalchemy.engine.Engine:[cached since 1.021s ago] {'exam_id': 50}
2026-04-28 18:04:31,778 INFO sqlalchemy.engine.Engine SELECT COUNT(*) as count FROM exam_students WHERE exam_id = %(exam_id)s
INFO:sqlalchemy.engine.Engine:SELECT COUNT(*) as count FROM exam_students WHERE exam_id = %(exam_id)s
2026-04-28 18:04:31,780 INFO sqlalchemy.engine.Engine [cached since 1.036s ago] {'exam_id': 17}
INFO:sqlalchemy.engine.Engine:[cached since 1.036s ago] {'exam_id': 17}
2026-04-28 18:04:31,782 INFO sqlalchemy.engine.Engine SELECT COUNT(*) as count FROM exam_students WHERE exam_id = %(exam_id)s
INFO:sqlalchemy.engine.Engine:SELECT COUNT(*) as count FROM exam_students WHERE exam_id = %(exam_id)s
2026-04-28 18:04:31,783 INFO sqlalchemy.engine.Engine [cached since 1.039s ago] {'exam_id': 16}
INFO:sqlalchemy.engine.Engine:[cached since 1.039s ago] {'exam_id': 16}
2026-04-28 18:04:31,786 INFO sqlalchemy.engine.Engine BEGIN (implicit)
INFO:sqlalchemy.engine.Engine:BEGIN (implicit)
2026-04-28 18:04:31,786 INFO sqlalchemy.engine.Engine SELECT exam_id, exam_name, total_score, total_questions FROM exams WHERE exam_id = %(exam_id)s
INFO:sqlalchemy.engine.Engine:SELECT exam_id, exam_name, total_score, total_questions FROM exams WHERE exam_id = %(exam_id)s
2026-04-28 18:04:31,787 INFO sqlalchemy.engine.Engine [generated in 0.00108s] {'exam_id': 17}
INFO:sqlalchemy.engine.Engine:[generated in 0.00108s] {'exam_id': 17}
2026-04-28 18:04:31,789 INFO sqlalchemy.engine.Engine SELECT COUNT(*) as count FROM exam_students WHERE exam_id = %(exam_id)s
INFO:sqlalchemy.engine.Engine:SELECT COUNT(*) as count FROM exam_students WHERE exam_id = %(exam_id)s
2026-04-28 18:04:31,789 INFO sqlalchemy.engine.Engine [cached since 1.045s ago] {'exam_id': 5}
INFO:sqlalchemy.engine.Engine:[cached since 1.045s ago] {'exam_id': 5}
2026-04-28 18:04:31,792 INFO sqlalchemy.engine.Engine SELECT COUNT(*) as count FROM exam_students WHERE exam_id = %(exam_id)s
INFO:sqlalchemy.engine.Engine:SELECT COUNT(*) as count FROM exam_students WHERE exam_id = %(exam_id)s
2026-04-28 18:04:31,792 INFO sqlalchemy.engine.Engine [cached since 1.048s ago] {'exam_id': 2}
INFO:sqlalchemy.engine.Engine:[cached since 1.048s ago] {'exam_id': 2}
2026-04-28 18:04:31,794 INFO sqlalchemy.engine.Engine BEGIN (implicit)
INFO:sqlalchemy.engine.Engine:BEGIN (implicit)
2026-04-28 18:04:31,796 INFO sqlalchemy.engine.Engine 
                        SELECT COALESCE(SUM(q.score), 0) 
                        FROM questions q 
                        INNER JOIN exam_questions eq ON q.id = eq.question_id 
                        WHERE eq.exam_id = %(exam_id)s
                    
2026-04-28 18:04:31,797 INFO sqlalchemy.engine.Engine ROLLBACK
INFO:sqlalchemy.engine.Engine:
                        SELECT COALESCE(SUM(q.score), 0) 
                        FROM questions q 
                        INNER JOIN exam_questions eq ON q.id = eq.question_id 
                        WHERE eq.exam_id = %(exam_id)s
                    
2026-04-28 18:04:31,797 INFO sqlalchemy.engine.Engine SELECT COUNT(*) FROM exam_students WHERE exam_id = %(exam_id)s
2026-04-28 18:04:31,798 INFO sqlalchemy.engine.Engine [generated in 0.00196s] {'exam_id': 17}
INFO:sqlalchemy.engine.Engine:ROLLBACK
INFO:sqlalchemy.engine.Engine:SELECT COUNT(*) FROM exam_students WHERE exam_id = %(exam_id)s
2026-04-28 18:04:31,798 INFO sqlalchemy.engine.Engine [generated in 0.00426s] {'exam_id': 17}
INFO:sqlalchemy.engine.Engine:[generated in 0.00196s] {'exam_id': 17}
INFO:sqlalchemy.engine.Engine:[generated in 0.00426s] {'exam_id': 17}
INFO:     127.0.0.1:43076 - "GET /api/exams HTTP/1.1" 200 OK
2026-04-28 18:04:31,804 INFO sqlalchemy.engine.Engine SELECT COUNT(DISTINCT student_id) FROM student_scores WHERE exam_id = %(exam_id)s
INFO:sqlalchemy.engine.Engine:SELECT COUNT(DISTINCT student_id) FROM student_scores WHERE exam_id = %(exam_id)s
2026-04-28 18:04:31,805 INFO sqlalchemy.engine.Engine [generated in 0.00055s] {'exam_id': 17}
INFO:sqlalchemy.engine.Engine:[generated in 0.00055s] {'exam_id': 17}
2026-04-28 18:04:31,813 INFO sqlalchemy.engine.Engine ROLLBACK
INFO:sqlalchemy.engine.Engine:ROLLBACK
INFO:     127.0.0.1:43088 - "GET /api/exams/17/grading-progress HTTP/1.1" 200 OK
2026-04-28 18:04:31,820 INFO sqlalchemy.engine.Engine 
                SELECT s.student_id, s.name, s.student_number, s.class
                FROM students s
                INNER JOIN exam_students es ON s.student_id = es.student_id
                WHERE es.exam_id = %(exam_id)s
                ORDER BY es.sort_order ASC, s.student_number ASC
                
INFO:sqlalchemy.engine.Engine:
                SELECT s.student_id, s.name, s.student_number, s.class
                FROM students s
                INNER JOIN exam_students es ON s.student_id = es.student_id
                WHERE es.exam_id = %(exam_id)s
                ORDER BY es.sort_order ASC, s.student_number ASC
                
2026-04-28 18:04:31,820 INFO sqlalchemy.engine.Engine [generated in 0.00049s] {'exam_id': 17}
INFO:sqlalchemy.engine.Engine:[generated in 0.00049s] {'exam_id': 17}
2026-04-28 18:04:31,823 INFO sqlalchemy.engine.Engine 
                SELECT q.id, q.content, q.score as max_score, eq.question_order
                FROM questions q
                INNER JOIN exam_questions eq ON q.id = eq.question_id
                WHERE eq.exam_id = %(exam_id)s
                ORDER BY eq.question_order
                
INFO:sqlalchemy.engine.Engine:
                SELECT q.id, q.content, q.score as max_score, eq.question_order
                FROM questions q
                INNER JOIN exam_questions eq ON q.id = eq.question_id
                WHERE eq.exam_id = %(exam_id)s
                ORDER BY eq.question_order
                
2026-04-28 18:04:31,824 INFO sqlalchemy.engine.Engine [generated in 0.00041s] {'exam_id': 17}
INFO:sqlalchemy.engine.Engine:[generated in 0.00041s] {'exam_id': 17}
2026-04-28 18:04:31,826 INFO sqlalchemy.engine.Engine 
                SELECT DISTINCT student_id, question_id, score, student_answer, updated_at
                FROM student_scores
                WHERE exam_id = %(exam_id)s
                
INFO:sqlalchemy.engine.Engine:
                SELECT DISTINCT student_id, question_id, score, student_answer, updated_at
                FROM student_scores
                WHERE exam_id = %(exam_id)s
                
2026-04-28 18:04:31,826 INFO sqlalchemy.engine.Engine [generated in 0.00039s] {'exam_id': 17}
INFO:sqlalchemy.engine.Engine:[generated in 0.00039s] {'exam_id': 17}
2026-04-28 18:04:31,837 INFO sqlalchemy.engine.Engine ROLLBACK
INFO:sqlalchemy.engine.Engine:ROLLBACK
INFO:     127.0.0.1:43086 - "GET /api/exams/17/scores HTTP/1.1" 200 OK
2026-04-28 18:04:31,960 INFO sqlalchemy.engine.Engine BEGIN (implicit)
INFO:sqlalchemy.engine.Engine:BEGIN (implicit)
2026-04-28 18:04:31,960 INFO sqlalchemy.engine.Engine SELECT exam_id FROM exams WHERE exam_id = %(exam_id)s
INFO:sqlalchemy.engine.Engine:SELECT exam_id FROM exams WHERE exam_id = %(exam_id)s
2026-04-28 18:04:31,961 INFO sqlalchemy.engine.Engine [generated in 0.00078s] {'exam_id': 17}
INFO:sqlalchemy.engine.Engine:[generated in 0.00078s] {'exam_id': 17}
2026-04-28 18:04:31,964 INFO sqlalchemy.engine.Engine BEGIN (implicit)
INFO:sqlalchemy.engine.Engine:BEGIN (implicit)
2026-04-28 18:04:31,966 INFO sqlalchemy.engine.Engine 
                SELECT s.student_id, s.name, s.student_number, s.class as class_name, s.contact_info, s.created_at, s.updated_at, es.sort_order
                FROM students s
                INNER JOIN exam_students es ON s.student_id = es.student_id
                WHERE es.exam_id = %(exam_id)s
                ORDER BY es.sort_order ASC, s.student_number ASC
                
INFO:sqlalchemy.engine.Engine:
                SELECT s.student_id, s.name, s.student_number, s.class as class_name, s.contact_info, s.created_at, s.updated_at, es.sort_order
                FROM students s
                INNER JOIN exam_students es ON s.student_id = es.student_id
                WHERE es.exam_id = %(exam_id)s
                ORDER BY es.sort_order ASC, s.student_number ASC
                
2026-04-28 18:04:31,966 INFO sqlalchemy.engine.Engine 
                SELECT q.*, eq.question_order 
                FROM questions q
                JOIN exam_questions eq ON q.id = eq.question_id
                WHERE eq.exam_id = %(exam_id)s 
                ORDER BY eq.question_order
                
2026-04-28 18:04:31,967 INFO sqlalchemy.engine.Engine [generated in 0.00128s] {'exam_id': 17}
INFO:sqlalchemy.engine.Engine:
                SELECT q.*, eq.question_order 
                FROM questions q
                JOIN exam_questions eq ON q.id = eq.question_id
                WHERE eq.exam_id = %(exam_id)s 
                ORDER BY eq.question_order
                
2026-04-28 18:04:31,967 INFO sqlalchemy.engine.Engine [generated in 0.00290s] {'exam_id': 17}
INFO:sqlalchemy.engine.Engine:[generated in 0.00128s] {'exam_id': 17}
INFO:sqlalchemy.engine.Engine:[generated in 0.00290s] {'exam_id': 17}
2026-04-28 18:04:31,970 INFO sqlalchemy.engine.Engine ROLLBACK
INFO:sqlalchemy.engine.Engine:ROLLBACK
2026-04-28 18:04:31,975 INFO sqlalchemy.engine.Engine ROLLBACK
INFO:sqlalchemy.engine.Engine:ROLLBACK
INFO:     127.0.0.1:43086 - "GET /api/exams/17/students HTTP/1.1" 200 OK
INFO:     127.0.0.1:43076 - "GET /api/exams/17/questions HTTP/1.1" 200 OK
2026-04-28 18:04:31,985 INFO sqlalchemy.engine.Engine BEGIN (implicit)
INFO:sqlalchemy.engine.Engine:BEGIN (implicit)
2026-04-28 18:04:31,986 INFO sqlalchemy.engine.Engine BEGIN (implicit)
2026-04-28 18:04:31,986 INFO sqlalchemy.engine.Engine BEGIN (implicit)
INFO:sqlalchemy.engine.Engine:BEGIN (implicit)
2026-04-28 18:04:31,987 INFO sqlalchemy.engine.Engine SELECT exam_id FROM exams WHERE exam_id = %(exam_id)s
INFO:sqlalchemy.engine.Engine:BEGIN (implicit)
2026-04-28 18:04:31,987 INFO sqlalchemy.engine.Engine SELECT exam_id, exam_name, total_score, total_questions FROM exams WHERE exam_id = %(exam_id)s
INFO:sqlalchemy.engine.Engine:SELECT exam_id FROM exams WHERE exam_id = %(exam_id)s
INFO:sqlalchemy.engine.Engine:SELECT exam_id, exam_name, total_score, total_questions FROM exams WHERE exam_id = %(exam_id)s
2026-04-28 18:04:31,988 INFO sqlalchemy.engine.Engine SELECT exam_id FROM exams WHERE exam_id = %(exam_id)s
2026-04-28 18:04:31,988 INFO sqlalchemy.engine.Engine [cached since 0.02838s ago] {'exam_id': 17}
INFO:sqlalchemy.engine.Engine:SELECT exam_id FROM exams WHERE exam_id = %(exam_id)s
2026-04-28 18:04:31,989 INFO sqlalchemy.engine.Engine [cached since 0.203s ago] {'exam_id': 17}
INFO:sqlalchemy.engine.Engine:[cached since 0.02838s ago] {'exam_id': 17}
INFO:sqlalchemy.engine.Engine:[cached since 0.203s ago] {'exam_id': 17}
2026-04-28 18:04:31,989 INFO sqlalchemy.engine.Engine [cached since 0.02926s ago] {'exam_id': 17}
INFO:sqlalchemy.engine.Engine:[cached since 0.02926s ago] {'exam_id': 17}
2026-04-28 18:04:31,991 INFO sqlalchemy.engine.Engine 
                SELECT s.student_id, s.name, s.student_number, s.class as class_name, s.contact_info, s.created_at, s.updated_at, es.sort_order
                FROM students s
                INNER JOIN exam_students es ON s.student_id = es.student_id
                WHERE es.exam_id = %(exam_id)s
                ORDER BY es.sort_order ASC, s.student_number ASC
                
INFO:sqlalchemy.engine.Engine:
                SELECT s.student_id, s.name, s.student_number, s.class as class_name, s.contact_info, s.created_at, s.updated_at, es.sort_order
                FROM students s
                INNER JOIN exam_students es ON s.student_id = es.student_id
                WHERE es.exam_id = %(exam_id)s
                ORDER BY es.sort_order ASC, s.student_number ASC
                
2026-04-28 18:04:31,992 INFO sqlalchemy.engine.Engine [cached since 0.02657s ago] {'exam_id': 17}
INFO:sqlalchemy.engine.Engine:[cached since 0.02657s ago] {'exam_id': 17}
2026-04-28 18:04:31,994 INFO sqlalchemy.engine.Engine 
                        SELECT COALESCE(SUM(q.score), 0) 
                        FROM questions q 
                        INNER JOIN exam_questions eq ON q.id = eq.question_id 
                        WHERE eq.exam_id = %(exam_id)s
                    
INFO:sqlalchemy.engine.Engine:
                        SELECT COALESCE(SUM(q.score), 0) 
                        FROM questions q 
                        INNER JOIN exam_questions eq ON q.id = eq.question_id 
                        WHERE eq.exam_id = %(exam_id)s
                    
2026-04-28 18:04:31,995 INFO sqlalchemy.engine.Engine 
                SELECT s.student_id, s.name, s.student_number, s.class as class_name, s.contact_info, s.created_at, s.updated_at, es.sort_order
                FROM students s
                INNER JOIN exam_students es ON s.student_id = es.student_id
                WHERE es.exam_id = %(exam_id)s
                ORDER BY es.sort_order ASC, s.student_number ASC
                
INFO:sqlalchemy.engine.Engine:
                SELECT s.student_id, s.name, s.student_number, s.class as class_name, s.contact_info, s.created_at, s.updated_at, es.sort_order
                FROM students s
                INNER JOIN exam_students es ON s.student_id = es.student_id
                WHERE es.exam_id = %(exam_id)s
                ORDER BY es.sort_order ASC, s.student_number ASC
                
2026-04-28 18:04:31,997 INFO sqlalchemy.engine.Engine ROLLBACK
INFO:sqlalchemy.engine.Engine:ROLLBACK
2026-04-28 18:04:31,998 INFO sqlalchemy.engine.Engine [cached since 0.2018s ago] {'exam_id': 17}
INFO:sqlalchemy.engine.Engine:[cached since 0.2018s ago] {'exam_id': 17}
2026-04-28 18:04:31,998 INFO sqlalchemy.engine.Engine [cached since 0.03241s ago] {'exam_id': 17}
INFO:sqlalchemy.engine.Engine:[cached since 0.03241s ago] {'exam_id': 17}
INFO:     127.0.0.1:43098 - "GET /api/exams/17/students HTTP/1.1" 200 OK
2026-04-28 18:04:32,004 INFO sqlalchemy.engine.Engine 
                SELECT s.student_id, s.name, s.student_number, s.class
                FROM students s
                INNER JOIN exam_students es ON s.student_id = es.student_id
                WHERE es.exam_id = %(exam_id)s
                ORDER BY es.sort_order ASC, s.student_number ASC
                
INFO:sqlalchemy.engine.Engine:
                SELECT s.student_id, s.name, s.student_number, s.class
                FROM students s
                INNER JOIN exam_students es ON s.student_id = es.student_id
                WHERE es.exam_id = %(exam_id)s
                ORDER BY es.sort_order ASC, s.student_number ASC
                
2026-04-28 18:04:32,004 INFO sqlalchemy.engine.Engine [cached since 0.1845s ago] {'exam_id': 17}
INFO:sqlalchemy.engine.Engine:[cached since 0.1845s ago] {'exam_id': 17}
2026-04-28 18:04:32,007 INFO sqlalchemy.engine.Engine ROLLBACK
INFO:sqlalchemy.engine.Engine:ROLLBACK
INFO:     127.0.0.1:43086 - "GET /api/exams/17/students HTTP/1.1" 200 OK
2026-04-28 18:04:32,011 INFO sqlalchemy.engine.Engine 
                SELECT q.id, q.content, q.score as max_score, eq.question_order
                FROM questions q
                INNER JOIN exam_questions eq ON q.id = eq.question_id
                WHERE eq.exam_id = %(exam_id)s
                ORDER BY eq.question_order
                
INFO:sqlalchemy.engine.Engine:
                SELECT q.id, q.content, q.score as max_score, eq.question_order
                FROM questions q
                INNER JOIN exam_questions eq ON q.id = eq.question_id
                WHERE eq.exam_id = %(exam_id)s
                ORDER BY eq.question_order
                
2026-04-28 18:04:32,013 INFO sqlalchemy.engine.Engine [cached since 0.1893s ago] {'exam_id': 17}
INFO:sqlalchemy.engine.Engine:[cached since 0.1893s ago] {'exam_id': 17}
2026-04-28 18:04:32,016 INFO sqlalchemy.engine.Engine 
                SELECT DISTINCT student_id, question_id, score, student_answer, updated_at
                FROM student_scores
                WHERE exam_id = %(exam_id)s
                
INFO:sqlalchemy.engine.Engine:
                SELECT DISTINCT student_id, question_id, score, student_answer, updated_at
                FROM student_scores
                WHERE exam_id = %(exam_id)s
                
2026-04-28 18:04:32,017 INFO sqlalchemy.engine.Engine [cached since 0.1911s ago] {'exam_id': 17}
INFO:sqlalchemy.engine.Engine:[cached since 0.1911s ago] {'exam_id': 17}
2026-04-28 18:04:32,024 INFO sqlalchemy.engine.Engine ROLLBACK
INFO:sqlalchemy.engine.Engine:ROLLBACK
INFO:     127.0.0.1:43108 - "GET /api/exams/17/scores HTTP/1.1" 200 OK
2026-04-28 18:04:32,042 INFO sqlalchemy.engine.Engine BEGIN (implicit)
INFO:sqlalchemy.engine.Engine:BEGIN (implicit)
2026-04-28 18:04:32,042 INFO sqlalchemy.engine.Engine SELECT exam_id, exam_name, total_score, total_questions FROM exams WHERE exam_id = %(exam_id)s
INFO:sqlalchemy.engine.Engine:SELECT exam_id, exam_name, total_score, total_questions FROM exams WHERE exam_id = %(exam_id)s
2026-04-28 18:04:32,042 INFO sqlalchemy.engine.Engine [cached since 0.2566s ago] {'exam_id': 17}
INFO:sqlalchemy.engine.Engine:[cached since 0.2566s ago] {'exam_id': 17}
2026-04-28 18:04:32,044 INFO sqlalchemy.engine.Engine 
                        SELECT COALESCE(SUM(q.score), 0) 
                        FROM questions q 
                        INNER JOIN exam_questions eq ON q.id = eq.question_id 
                        WHERE eq.exam_id = %(exam_id)s
                    
INFO:sqlalchemy.engine.Engine:
                        SELECT COALESCE(SUM(q.score), 0) 
                        FROM questions q 
                        INNER JOIN exam_questions eq ON q.id = eq.question_id 
                        WHERE eq.exam_id = %(exam_id)s
                    
2026-04-28 18:04:32,044 INFO sqlalchemy.engine.Engine [cached since 0.2485s ago] {'exam_id': 17}
INFO:sqlalchemy.engine.Engine:[cached since 0.2485s ago] {'exam_id': 17}
2026-04-28 18:04:32,046 INFO sqlalchemy.engine.Engine 
                SELECT s.student_id, s.name, s.student_number, s.class
                FROM students s
                INNER JOIN exam_students es ON s.student_id = es.student_id
                WHERE es.exam_id = %(exam_id)s
                ORDER BY es.sort_order ASC, s.student_number ASC
                
INFO:sqlalchemy.engine.Engine:
                SELECT s.student_id, s.name, s.student_number, s.class
                FROM students s
                INNER JOIN exam_students es ON s.student_id = es.student_id
                WHERE es.exam_id = %(exam_id)s
                ORDER BY es.sort_order ASC, s.student_number ASC
                
2026-04-28 18:04:32,046 INFO sqlalchemy.engine.Engine [cached since 0.2261s ago] {'exam_id': 17}
INFO:sqlalchemy.engine.Engine:[cached since 0.2261s ago] {'exam_id': 17}
2026-04-28 18:04:32,048 INFO sqlalchemy.engine.Engine 
                SELECT q.id, q.content, q.score as max_score, eq.question_order
                FROM questions q
                INNER JOIN exam_questions eq ON q.id = eq.question_id
                WHERE eq.exam_id = %(exam_id)s
                ORDER BY eq.question_order
                
INFO:sqlalchemy.engine.Engine:
                SELECT q.id, q.content, q.score as max_score, eq.question_order
                FROM questions q
                INNER JOIN exam_questions eq ON q.id = eq.question_id
                WHERE eq.exam_id = %(exam_id)s
                ORDER BY eq.question_order
                
2026-04-28 18:04:32,048 INFO sqlalchemy.engine.Engine [cached since 0.2252s ago] {'exam_id': 17}
INFO:sqlalchemy.engine.Engine:[cached since 0.2252s ago] {'exam_id': 17}
2026-04-28 18:04:32,051 INFO sqlalchemy.engine.Engine 
                SELECT DISTINCT student_id, question_id, score, student_answer, updated_at
                FROM student_scores
                WHERE exam_id = %(exam_id)s
                
INFO:sqlalchemy.engine.Engine:
                SELECT DISTINCT student_id, question_id, score, student_answer, updated_at
                FROM student_scores
                WHERE exam_id = %(exam_id)s
                
2026-04-28 18:04:32,051 INFO sqlalchemy.engine.Engine [cached since 0.2253s ago] {'exam_id': 17}
INFO:sqlalchemy.engine.Engine:[cached since 0.2253s ago] {'exam_id': 17}
2026-04-28 18:04:32,059 INFO sqlalchemy.engine.Engine ROLLBACK
INFO:sqlalchemy.engine.Engine:ROLLBACK
INFO:     127.0.0.1:43110 - "GET /api/exams/17/scores HTTP/1.1" 200 OK
2026-04-28 18:04:32,146 INFO sqlalchemy.engine.Engine BEGIN (implicit)
INFO:sqlalchemy.engine.Engine:BEGIN (implicit)
2026-04-28 18:04:32,147 INFO sqlalchemy.engine.Engine SELECT * FROM students ORDER BY name
INFO:sqlalchemy.engine.Engine:SELECT * FROM students ORDER BY name
2026-04-28 18:04:32,147 INFO sqlalchemy.engine.Engine [cached since 3.479s ago] {}
INFO:sqlalchemy.engine.Engine:[cached since 3.479s ago] {}
2026-04-28 18:04:32,158 INFO sqlalchemy.engine.Engine ROLLBACK
INFO:sqlalchemy.engine.Engine:ROLLBACK
INFO:     127.0.0.1:43086 - "GET /api/students HTTP/1.1" 200 OK
2026-04-28 18:04:32,277 INFO sqlalchemy.engine.Engine BEGIN (implicit)
INFO:sqlalchemy.engine.Engine:BEGIN (implicit)
2026-04-28 18:04:32,277 INFO sqlalchemy.engine.Engine SELECT exam_id FROM exams WHERE exam_id = %(exam_id)s
INFO:sqlalchemy.engine.Engine:SELECT exam_id FROM exams WHERE exam_id = %(exam_id)s
2026-04-28 18:04:32,277 INFO sqlalchemy.engine.Engine [cached since 0.3176s ago] {'exam_id': 17}
INFO:sqlalchemy.engine.Engine:[cached since 0.3176s ago] {'exam_id': 17}
2026-04-28 18:04:32,279 INFO sqlalchemy.engine.Engine 
                SELECT 
                    a.id, a.filename, a.file_path, a.uploaded_at, a.page_order,
                    s.student_id, s.name as student_name, s.student_number, s.class as student_class
                FROM answer_sheets a
                JOIN students s ON a.student_id = s.student_id
                WHERE a.exam_id = %(exam_id)s
                ORDER BY s.student_id, a.page_order
                
INFO:sqlalchemy.engine.Engine:
                SELECT 
                    a.id, a.filename, a.file_path, a.uploaded_at, a.page_order,
                    s.student_id, s.name as student_name, s.student_number, s.class as student_class
                FROM answer_sheets a
                JOIN students s ON a.student_id = s.student_id
                WHERE a.exam_id = %(exam_id)s
                ORDER BY s.student_id, a.page_order
                
2026-04-28 18:04:32,280 INFO sqlalchemy.engine.Engine [generated in 0.00041s] {'exam_id': 17}
INFO:sqlalchemy.engine.Engine:[generated in 0.00041s] {'exam_id': 17}
2026-04-28 18:04:32,288 INFO sqlalchemy.engine.Engine ROLLBACK
INFO:sqlalchemy.engine.Engine:ROLLBACK
INFO:     127.0.0.1:43086 - "GET /api/exams/17/images HTTP/1.1" 200 OK
INFO:     127.0.0.1:43128 - "GET /answer_sheets/17/1776737875_%E5%AD%A6%E7%94%9F%E4%BD%9C%E7%AD%94_frame_000000.jpg HTTP/1.1" 200 OK
INFO:     127.0.0.1:43134 - "GET /answer_sheets/17/1776737875_%E5%AD%A6%E7%94%9F%E4%BD%9C%E7%AD%94_frame_000659.jpg HTTP/1.1" 200 OK
INFO:     127.0.0.1:43140 - "GET /answer_sheets/17/1776737875_%E5%AD%A6%E7%94%9F%E4%BD%9C%E7%AD%94_frame_000814.jpg HTTP/1.1" 200 OK
INFO:     127.0.0.1:43132 - "GET /answer_sheets/17/1776737875_%E5%AD%A6%E7%94%9F%E4%BD%9C%E7%AD%94_frame_000359.jpg HTTP/1.1" 200 OK
INFO:     127.0.0.1:43152 - "GET /answer_sheets/17/1776737875_%E5%AD%A6%E7%94%9F%E4%BD%9C%E7%AD%94_frame_001008.jpg HTTP/1.1" 200 OK
INFO:     127.0.0.1:43166 - "GET /answer_sheets/17/1776737875_%E5%AD%A6%E7%94%9F%E4%BD%9C%E7%AD%94_frame_001245.jpg HTTP/1.1" 200 OK
INFO:     127.0.0.1:43152 - "GET /answer_sheets/17/1776737875_%E5%AD%A6%E7%94%9F%E4%BD%9C%E7%AD%94_frame_001626.jpg HTTP/1.1" 200 OK
INFO:     127.0.0.1:43134 - "GET /answer_sheets/17/1776737875_%E5%AD%A6%E7%94%9F%E4%BD%9C%E7%AD%94_frame_002630.jpg HTTP/1.1" 200 OK
INFO:     127.0.0.1:43140 - "GET /answer_sheets/17/1776737875_%E5%AD%A6%E7%94%9F%E4%BD%9C%E7%AD%94_frame_002752.jpg HTTP/1.1" 200 OK
INFO:     127.0.0.1:43128 - "GET /answer_sheets/17/1776737875_%E5%AD%A6%E7%94%9F%E4%BD%9C%E7%AD%94_frame_002417.jpg HTTP/1.1" 200 OK
INFO:     127.0.0.1:43166 - "GET /answer_sheets/17/1776737875_%E5%AD%A6%E7%94%9F%E4%BD%9C%E7%AD%94_frame_003013.jpg HTTP/1.1" 200 OK
INFO:     127.0.0.1:43132 - "GET /answer_sheets/17/1776737875_%E5%AD%A6%E7%94%9F%E4%BD%9C%E7%AD%94_frame_003112.jpg HTTP/1.1" 200 OK
INFO:     127.0.0.1:43134 - "GET /answer_sheets/17/1776737875_%E5%AD%A6%E7%94%9F%E4%BD%9C%E7%AD%94_frame_003380.jpg HTTP/1.1" 200 OK
INFO:     127.0.0.1:43128 - "GET /answer_sheets/17/1776737875_%E5%AD%A6%E7%94%9F%E4%BD%9C%E7%AD%94_frame_003466.jpg HTTP/1.1" 200 OK
INFO:     127.0.0.1:43152 - "GET /answer_sheets/17/1776737875_%E5%AD%A6%E7%94%9F%E4%BD%9C%E7%AD%94_frame_003700.jpg HTTP/1.1" 200 OK
INFO:     127.0.0.1:43140 - "GET /answer_sheets/17/1776737875_%E5%AD%A6%E7%94%9F%E4%BD%9C%E7%AD%94_frame_003768.jpg HTTP/1.1" 200 OK
INFO:     127.0.0.1:43132 - "GET /answer_sheets/17/1776737875_%E5%AD%A6%E7%94%9F%E4%BD%9C%E7%AD%94_frame_004007.jpg HTTP/1.1" 200 OK
INFO:     127.0.0.1:43166 - "GET /answer_sheets/17/1776737875_%E5%AD%A6%E7%94%9F%E4%BD%9C%E7%AD%94_frame_004115.jpg HTTP/1.1" 200 OK
INFO:     127.0.0.1:43134 - "GET /answer_sheets/17/1776737875_%E5%AD%A6%E7%94%9F%E4%BD%9C%E7%AD%94_frame_004419.jpg HTTP/1.1" 200 OK
INFO:     127.0.0.1:43152 - "GET /answer_sheets/17/1776737876_%E5%AD%A6%E7%94%9F%E4%BD%9C%E7%AD%94_frame_004726.jpg HTTP/1.1" 200 OK
INFO:     127.0.0.1:43132 - "GET /answer_sheets/17/1776737875_%E5%AD%A6%E7%94%9F%E4%BD%9C%E7%AD%94_frame_004473.jpg HTTP/1.1" 200 OK
INFO:     127.0.0.1:43140 - "GET /answer_sheets/17/1776737876_%E5%AD%A6%E7%94%9F%E4%BD%9C%E7%AD%94_frame_004820.jpg HTTP/1.1" 200 OK
INFO:     127.0.0.1:43128 - "GET /answer_sheets/17/1776737876_%E5%AD%A6%E7%94%9F%E4%BD%9C%E7%AD%94_frame_005245.jpg HTTP/1.1" 200 OK
INFO:     127.0.0.1:43134 - "GET /answer_sheets/17/1776737876_%E5%AD%A6%E7%94%9F%E4%BD%9C%E7%AD%94_frame_005704.jpg HTTP/1.1" 200 OK
INFO:     127.0.0.1:43166 - "GET /answer_sheets/17/1776737876_%E5%AD%A6%E7%94%9F%E4%BD%9C%E7%AD%94_frame_005366.jpg HTTP/1.1" 200 OK
INFO:     127.0.0.1:43152 - "GET /answer_sheets/17/1776737876_%E5%AD%A6%E7%94%9F%E4%BD%9C%E7%AD%94_frame_005594.jpg HTTP/1.1" 200 OK
INFO:     127.0.0.1:43132 - "GET /answer_sheets/17/1776737876_%E5%AD%A6%E7%94%9F%E4%BD%9C%E7%AD%94_frame_006038.jpg HTTP/1.1" 200 OK
INFO:     127.0.0.1:43128 - "GET /answer_sheets/17/1776737876_%E5%AD%A6%E7%94%9F%E4%BD%9C%E7%AD%94_frame_006094.jpg HTTP/1.1" 200 OK
INFO:     127.0.0.1:43140 - "GET /answer_sheets/17/1776737876_%E5%AD%A6%E7%94%9F%E4%BD%9C%E7%AD%94_frame_006300.jpg HTTP/1.1" 200 OK
INFO:     127.0.0.1:43132 - "GET /answer_sheets/17/1776737876_%E5%AD%A6%E7%94%9F%E4%BD%9C%E7%AD%94_frame_006435.jpg HTTP/1.1" 200 OK
INFO:     127.0.0.1:43134 - "GET /answer_sheets/17/1776737876_%E5%AD%A6%E7%94%9F%E4%BD%9C%E7%AD%94_frame_006842.jpg HTTP/1.1" 200 OK
INFO:     127.0.0.1:43166 - "GET /answer_sheets/17/1776737876_%E5%AD%A6%E7%94%9F%E4%BD%9C%E7%AD%94_frame_007185.jpg HTTP/1.1" 200 OK
INFO:     127.0.0.1:43128 - "GET /answer_sheets/17/1776737876_%E5%AD%A6%E7%94%9F%E4%BD%9C%E7%AD%94_frame_006915.jpg HTTP/1.1" 200 OK
INFO:     127.0.0.1:43140 - "GET /answer_sheets/17/1776737876_%E5%AD%A6%E7%94%9F%E4%BD%9C%E7%AD%94_frame_007224.jpg HTTP/1.1" 200 OK
INFO:     127.0.0.1:43152 - "GET /answer_sheets/17/1776737876_%E5%AD%A6%E7%94%9F%E4%BD%9C%E7%AD%94_frame_007410.jpg HTTP/1.1" 200 OK
INFO:     127.0.0.1:43128 - "GET /answer_sheets/17/1776737876_%E5%AD%A6%E7%94%9F%E4%BD%9C%E7%AD%94_frame_007436.jpg HTTP/1.1" 200 OK
2026-04-28 18:04:38,826 INFO sqlalchemy.engine.Engine BEGIN (implicit)
INFO:sqlalchemy.engine.Engine:BEGIN (implicit)
2026-04-28 18:04:38,826 INFO sqlalchemy.engine.Engine SELECT exam_id, exam_name FROM exams WHERE exam_id = %(exam_id)s
INFO:sqlalchemy.engine.Engine:SELECT exam_id, exam_name FROM exams WHERE exam_id = %(exam_id)s
2026-04-28 18:04:38,826 INFO sqlalchemy.engine.Engine [generated in 0.00035s] {'exam_id': 17}
INFO:sqlalchemy.engine.Engine:[generated in 0.00035s] {'exam_id': 17}
2026-04-28 18:04:38,827 INFO sqlalchemy.engine.Engine 
                    SELECT q.id, q.content, q.reference_answer, eq.question_order
                    FROM questions q
                    INNER JOIN exam_questions eq ON q.id = eq.question_id
                    WHERE eq.exam_id = %(exam_id)s
                        AND q.type IN ('选择题', '填空题', 'choice', 'fill_blank')
                    ORDER BY eq.question_order
                
INFO:sqlalchemy.engine.Engine:
                    SELECT q.id, q.content, q.reference_answer, eq.question_order
                    FROM questions q
                    INNER JOIN exam_questions eq ON q.id = eq.question_id
                    WHERE eq.exam_id = %(exam_id)s
                        AND q.type IN ('选择题', '填空题', 'choice', 'fill_blank')
                    ORDER BY eq.question_order
                
2026-04-28 18:04:38,827 INFO sqlalchemy.engine.Engine [generated in 0.00019s] {'exam_id': 17}
INFO:sqlalchemy.engine.Engine:[generated in 0.00019s] {'exam_id': 17}
2026-04-28 18:04:38,828 INFO sqlalchemy.engine.Engine 
                    SELECT s.student_id, s.student_number, s.name, s.class
                    FROM students s
                    INNER JOIN exam_students es ON s.student_id = es.student_id
                    WHERE es.exam_id = %(exam_id)s
                    ORDER BY es.sort_order
                
INFO:sqlalchemy.engine.Engine:
                    SELECT s.student_id, s.student_number, s.name, s.class
                    FROM students s
                    INNER JOIN exam_students es ON s.student_id = es.student_id
                    WHERE es.exam_id = %(exam_id)s
                    ORDER BY es.sort_order
                
2026-04-28 18:04:38,828 INFO sqlalchemy.engine.Engine [generated in 0.00014s] {'exam_id': 17}
INFO:sqlalchemy.engine.Engine:[generated in 0.00014s] {'exam_id': 17}
2026-04-28 18:04:38,829 INFO sqlalchemy.engine.Engine 
                    SELECT student_id, question_id, student_answer, score
                    FROM student_scores
                    WHERE exam_id = %(exam_id)s
                
INFO:sqlalchemy.engine.Engine:
                    SELECT student_id, question_id, student_answer, score
                    FROM student_scores
                    WHERE exam_id = %(exam_id)s
                
2026-04-28 18:04:38,829 INFO sqlalchemy.engine.Engine [generated in 0.00013s] {'exam_id': 17}
INFO:sqlalchemy.engine.Engine:[generated in 0.00013s] {'exam_id': 17}
2026-04-28 18:04:38,884 INFO sqlalchemy.engine.Engine ROLLBACK
INFO:sqlalchemy.engine.Engine:ROLLBACK
INFO:     127.0.0.1:35540 - "GET /api/exams/17/export-objective HTTP/1.1" 200 OK
